{"numFailedTestSuites":0,"numFailedTests":0,"numPassedTestSuites":2,"numPassedTests":34,"numPendingTestSuites":0,"numPendingTests":0,"numRuntimeErrorTestSuites":0,"numTodoTests":0,"numTotalTestSuites":2,"numTotalTests":34,"openHandles":[],"snapshot":{"added":0,"didUpdate":false,"failure":false,"filesAdded":0,"filesRemoved":0,"filesRemovedList":[],"filesUnmatched":0,"filesUpdated":0,"matched":0,"total":0,"unchecked":0,"uncheckedKeysByFile":[],"unmatched":0,"updated":0},"startTime":1785094652733,"success":true,"testResults":[{"assertionResults":[{"ancestorTitles":["SingleShippingForm"],"duration":1995,"failureDetails":[],"failureMessages":[],"fullName":"SingleShippingForm calls updateAddress with last event during a given timeframe","invocations":1,"location":null,"numPassingAsserts":2,"retryReasons":[],"status":"passed","title":"calls updateAddress with last event during a given timeframe"},{"ancestorTitles":["SingleShippingForm"],"duration":926,"failureDetails":[],"failureMessages":[],"fullName":"SingleShippingForm calls updateAddress if modified field does not affect shipping but makes form valid","invocations":1,"location":null,"numPassingAsserts":2,"retryReasons":[],"status":"passed","title":"calls updateAddress if modified field does not affect shipping but makes form valid"},{"ancestorTitles":["SingleShippingForm"],"duration":906,"failureDetails":[],"failureMessages":[],"fullName":"SingleShippingForm calls updateAddress including shipping options if modified field does not affect shipping but has never requested shipping options","invocations":1,"location":null,"numPassingAsserts":2,"retryReasons":[],"status":"passed","title":"calls updateAddress including shipping options if modified field does not affect shipping but has never requested shipping options"},{"ancestorTitles":["SingleShippingForm"],"duration":871,"failureDetails":[],"failureMessages":[],"fullName":"SingleShippingForm calls updateAddress including shipping options if custom form fields are updated","invocations":1,"location":null,"numPassingAsserts":2,"retryReasons":[],"status":"passed","title":"calls updateAddress including shipping options if custom form fields are updated"},{"ancestorTitles":["SingleShippingForm"],"duration":1721,"failureDetails":[],"failureMessages":[],"fullName":"SingleShippingForm calls updateAddress without shipping options if modified field does not affect shipping and shipping options have already been requested","invocations":1,"location":null,"numPassingAsserts":1,"retryReasons":[],"status":"passed","title":"calls updateAddress without shipping options if modified field does not affect shipping and shipping options have already been requested"},{"ancestorTitles":["SingleShippingForm"],"duration":808,"failureDetails":[],"failureMessages":[],"fullName":"SingleShippingForm does not call updateAddress if modified field produces invalid address","invocations":1,"location":null,"numPassingAsserts":1,"retryReasons":[],"status":"passed","title":"does not call updateAddress if modified field produces invalid address"},{"ancestorTitles":["SingleShippingForm"],"duration":909,"failureDetails":[],"failureMessages":[],"fullName":"SingleShippingForm does not call updateAddress if same address","invocations":1,"location":null,"numPassingAsserts":1,"retryReasons":[],"status":"passed","title":"does not call updateAddress if same address"},{"ancestorTitles":["SingleShippingForm"],"duration":781,"failureDetails":[],"failureMessages":[],"fullName":"SingleShippingForm calls update address for amazon pay if required custom fields are filled out","invocations":1,"location":null,"numPassingAsserts":2,"retryReasons":[],"status":"passed","title":"calls update address for amazon pay if required custom fields are filled out"},{"ancestorTitles":["SingleShippingForm"],"duration":747,"failureDetails":[],"failureMessages":[],"fullName":"SingleShippingForm does not update address for amazon pay if required custom fields is left empty","invocations":1,"location":null,"numPassingAsserts":1,"retryReasons":[],"status":"passed","title":"does not update address for amazon pay if required custom fields is left empty"},{"ancestorTitles":["SingleShippingForm"],"duration":91,"failureDetails":[],"failureMessages":[],"fullName":"SingleShippingForm renders a guest email field inside the shipping address form for guest shoppers","invocations":1,"location":null,"numPassingAsserts":1,"retryReasons":[],"status":"passed","title":"renders a guest email field inside the shipping address form for guest shoppers"},{"ancestorTitles":["SingleShippingForm"],"duration":28,"failureDetails":[],"failureMessages":[],"fullName":"SingleShippingForm does not render billing same as shipping checkbox for amazon pay","invocations":1,"location":null,"numPassingAsserts":1,"retryReasons":[],"status":"passed","title":"does not render billing same as shipping checkbox for amazon pay"},{"ancestorTitles":["SingleShippingForm"],"duration":48,"failureDetails":[],"failureMessages":[],"fullName":"SingleShippingForm does not render billing same as shipping checkbox under themeV2","invocations":1,"location":null,"numPassingAsserts":1,"retryReasons":[],"status":"passed","title":"does not render billing same as shipping checkbox under themeV2"},{"ancestorTitles":["SingleShippingForm"],"duration":136,"failureDetails":[],"failureMessages":[],"fullName":"SingleShippingForm re-renders itself when shippingFormRenderTimestamp is changed","invocations":1,"location":null,"numPassingAsserts":3,"retryReasons":[],"status":"passed","title":"re-renders itself when shippingFormRenderTimestamp is changed"},{"ancestorTitles":["SingleShippingForm"],"duration":1062,"failureDetails":[],"failureMessages":[],"fullName":"SingleShippingForm calls onUnhandledError when empty cart error is thrown","invocations":1,"location":null,"numPassingAsserts":2,"retryReasons":[],"status":"passed","title":"calls onUnhandledError when empty cart error is thrown"}],"endTime":1785094672680,"message":"","name":"D:\\checkout-js\\packages\\core\\src\\app\\shipping\\SingleShippingForm.test.tsx","startTime":1785094654191,"status":"passed","summary":""},{"assertionResults":[{"ancestorTitles":["PaymentBillingForm"],"duration":143,"failureDetails":[],"failureMessages":[],"fullName":"PaymentBillingForm renders the address fields without a submit button","invocations":1,"location":null,"numPassingAsserts":3,"retryReasons":[],"status":"passed","title":"renders the address fields without a submit button"},{"ancestorTitles":["PaymentBillingForm"],"duration":66,"failureDetails":[],"failureMessages":[],"fullName":"PaymentBillingForm renders a guest email field in the billing form for guest shoppers","invocations":1,"location":null,"numPassingAsserts":1,"retryReasons":[],"status":"passed","title":"renders a guest email field in the billing form for guest shoppers"},{"ancestorTitles":["PaymentBillingForm"],"duration":52,"failureDetails":[],"failureMessages":[],"fullName":"PaymentBillingForm renders the guest email field after the billing name fields","invocations":1,"location":null,"numPassingAsserts":3,"retryReasons":[],"status":"passed","title":"renders the guest email field after the billing name fields"},{"ancestorTitles":["PaymentBillingForm"],"duration":96,"failureDetails":[],"failureMessages":[],"fullName":"PaymentBillingForm persists the guest email value entered in the billing form","invocations":1,"location":null,"numPassingAsserts":2,"retryReasons":[],"status":"passed","title":"persists the guest email value entered in the billing form"},{"ancestorTitles":["PaymentBillingForm"],"duration":56,"failureDetails":[],"failureMessages":[],"fullName":"PaymentBillingForm does not render its own <form> element","invocations":1,"location":null,"numPassingAsserts":1,"retryReasons":[],"status":"passed","title":"does not render its own <form> element"},{"ancestorTitles":["PaymentBillingForm"],"duration":48,"failureDetails":[],"failureMessages":[],"fullName":"PaymentBillingForm sets its ensureBillingAddressSaved on the payment context","invocations":1,"location":null,"numPassingAsserts":1,"retryReasons":[],"status":"passed","title":"sets its ensureBillingAddressSaved on the payment context"},{"ancestorTitles":["PaymentBillingForm"],"duration":48,"failureDetails":[],"failureMessages":[],"fullName":"PaymentBillingForm blocks (resolves false) and does not persist while still loading","invocations":1,"location":null,"numPassingAsserts":3,"retryReasons":[],"status":"passed","title":"blocks (resolves false) and does not persist while still loading"},{"ancestorTitles":["PaymentBillingForm"],"duration":106,"failureDetails":[],"failureMessages":[],"fullName":"PaymentBillingForm blocks and does not persist while an address selection is still being applied","invocations":1,"location":null,"numPassingAsserts":3,"retryReasons":[],"status":"passed","title":"blocks and does not persist while an address selection is still being applied"},{"ancestorTitles":["PaymentBillingForm"],"duration":65,"failureDetails":[],"failureMessages":[],"fullName":"PaymentBillingForm persists and resolves true when the address is valid","invocations":1,"location":null,"numPassingAsserts":3,"retryReasons":[],"status":"passed","title":"persists and resolves true when the address is valid"},{"ancestorTitles":["PaymentBillingForm"],"duration":79,"failureDetails":[],"failureMessages":[],"fullName":"PaymentBillingForm resolves false and does not persist when the address is invalid","invocations":1,"location":null,"numPassingAsserts":3,"retryReasons":[],"status":"passed","title":"resolves false and does not persist when the address is invalid"},{"ancestorTitles":["PaymentBillingForm"],"duration":56,"failureDetails":[],"failureMessages":[],"fullName":"PaymentBillingForm does not include the same-as-shipping flag in the persisted billing values","invocations":1,"location":null,"numPassingAsserts":2,"retryReasons":[],"status":"passed","title":"does not include the same-as-shipping flag in the persisted billing values"},{"ancestorTitles":["PaymentBillingForm"],"duration":56,"failureDetails":[],"failureMessages":[],"fullName":"PaymentBillingForm reports a persist failure via onUnhandledError and resolves false without throwing","invocations":1,"location":null,"numPassingAsserts":3,"retryReasons":[],"status":"passed","title":"reports a persist failure via onUnhandledError and resolves false without throwing"},{"ancestorTitles":["PaymentBillingForm","billing same as shipping toggle"],"duration":43,"failureDetails":[],"failureMessages":[],"fullName":"PaymentBillingForm billing same as shipping toggle renders the toggle with the payment-step label","invocations":1,"location":null,"numPassingAsserts":2,"retryReasons":[],"status":"passed","title":"renders the toggle with the payment-step label"},{"ancestorTitles":["PaymentBillingForm","billing same as shipping toggle"],"duration":45,"failureDetails":[],"failureMessages":[],"fullName":"PaymentBillingForm billing same as shipping toggle disables the toggle while a billing address update is in flight","invocations":1,"location":null,"numPassingAsserts":1,"retryReasons":[],"status":"passed","title":"disables the toggle while a billing address update is in flight"},{"ancestorTitles":["PaymentBillingForm","billing same as shipping toggle"],"duration":25,"failureDetails":[],"failureMessages":[],"fullName":"PaymentBillingForm billing same as shipping toggle collapses the billing address fields when checked","invocations":1,"location":null,"numPassingAsserts":2,"retryReasons":[],"status":"passed","title":"collapses the billing address fields when checked"},{"ancestorTitles":["PaymentBillingForm","billing same as shipping toggle"],"duration":45,"failureDetails":[],"failureMessages":[],"fullName":"PaymentBillingForm billing same as shipping toggle shows the billing address fields when unchecked","invocations":1,"location":null,"numPassingAsserts":1,"retryReasons":[],"status":"passed","title":"shows the billing address fields when unchecked"},{"ancestorTitles":["PaymentBillingForm","billing same as shipping toggle"],"duration":21,"failureDetails":[],"failureMessages":[],"fullName":"PaymentBillingForm billing same as shipping toggle resolves true without persisting when checked (billing mirrors shipping)","invocations":1,"location":null,"numPassingAsserts":3,"retryReasons":[],"status":"passed","title":"resolves true without persisting when checked (billing mirrors shipping)"},{"ancestorTitles":["PaymentBillingForm","billing same as shipping toggle"],"duration":37,"failureDetails":[],"failureMessages":[],"fullName":"PaymentBillingForm billing same as shipping toggle hides the toggle for static-address methods (e.g. Amazon Pay)","invocations":1,"location":null,"numPassingAsserts":1,"retryReasons":[],"status":"passed","title":"hides the toggle for static-address methods (e.g. Amazon Pay)"},{"ancestorTitles":["PaymentBillingForm","billing same as shipping toggle"],"duration":85,"failureDetails":[],"failureMessages":[],"fullName":"PaymentBillingForm billing same as shipping toggle stays unchecked and does not re-fire on a billing address reinitialize","invocations":1,"location":null,"numPassingAsserts":3,"retryReasons":[],"status":"passed","title":"stays unchecked and does not re-fire on a billing address reinitialize"},{"ancestorTitles":["PaymentBillingForm","billing same as shipping toggle"],"duration":47,"failureDetails":[],"failureMessages":[],"fullName":"PaymentBillingForm billing same as shipping toggle notifies onBillingSameAsShippingChange when the shopper checks it","invocations":1,"location":null,"numPassingAsserts":1,"retryReasons":[],"status":"passed","title":"notifies onBillingSameAsShippingChange when the shopper checks it"}],"endTime":1785094675966,"message":"","name":"D:\\checkout-js\\packages\\core\\src\\app\\payment\\billingForm\\PaymentBillingForm.test.tsx","startTime":1785094673711,"status":"passed","summary":""}],"wasInterrupted":false}
