{"numFailedTestSuites":0,"numFailedTests":0,"numPassedTestSuites":1,"numPassedTests":14,"numPendingTestSuites":0,"numPendingTests":0,"numRuntimeErrorTestSuites":0,"numTodoTests":0,"numTotalTestSuites":1,"numTotalTests":14,"openHandles":[],"snapshot":{"added":0,"didUpdate":false,"failure":false,"filesAdded":0,"filesRemoved":0,"filesRemovedList":[],"filesUnmatched":0,"filesUpdated":0,"matched":0,"total":0,"unchecked":0,"uncheckedKeysByFile":[],"unmatched":0,"updated":0},"startTime":1785087012048,"success":true,"testResults":[{"assertionResults":[{"ancestorTitles":["SingleShippingForm"],"duration":2523,"failureDetails":[],"failureMessages":[],"fullName":"SingleShippingForm calls updateAddress with last event during a given timeframe","invocations":1,"location":null,"numPassingAsserts":2,"retryReasons":[],"status":"passed","title":"calls updateAddress with last event during a given timeframe"},{"ancestorTitles":["SingleShippingForm"],"duration":1034,"failureDetails":[],"failureMessages":[],"fullName":"SingleShippingForm calls updateAddress if modified field does not affect shipping but makes form valid","invocations":1,"location":null,"numPassingAsserts":2,"retryReasons":[],"status":"passed","title":"calls updateAddress if modified field does not affect shipping but makes form valid"},{"ancestorTitles":["SingleShippingForm"],"duration":977,"failureDetails":[],"failureMessages":[],"fullName":"SingleShippingForm calls updateAddress including shipping options if modified field does not affect shipping but has never requested shipping options","invocations":1,"location":null,"numPassingAsserts":2,"retryReasons":[],"status":"passed","title":"calls updateAddress including shipping options if modified field does not affect shipping but has never requested shipping options"},{"ancestorTitles":["SingleShippingForm"],"duration":952,"failureDetails":[],"failureMessages":[],"fullName":"SingleShippingForm calls updateAddress including shipping options if custom form fields are updated","invocations":1,"location":null,"numPassingAsserts":2,"retryReasons":[],"status":"passed","title":"calls updateAddress including shipping options if custom form fields are updated"},{"ancestorTitles":["SingleShippingForm"],"duration":1882,"failureDetails":[],"failureMessages":[],"fullName":"SingleShippingForm calls updateAddress without shipping options if modified field does not affect shipping and shipping options have already been requested","invocations":1,"location":null,"numPassingAsserts":1,"retryReasons":[],"status":"passed","title":"calls updateAddress without shipping options if modified field does not affect shipping and shipping options have already been requested"},{"ancestorTitles":["SingleShippingForm"],"duration":851,"failureDetails":[],"failureMessages":[],"fullName":"SingleShippingForm does not call updateAddress if modified field produces invalid address","invocations":1,"location":null,"numPassingAsserts":1,"retryReasons":[],"status":"passed","title":"does not call updateAddress if modified field produces invalid address"},{"ancestorTitles":["SingleShippingForm"],"duration":1043,"failureDetails":[],"failureMessages":[],"fullName":"SingleShippingForm does not call updateAddress if same address","invocations":1,"location":null,"numPassingAsserts":1,"retryReasons":[],"status":"passed","title":"does not call updateAddress if same address"},{"ancestorTitles":["SingleShippingForm"],"duration":782,"failureDetails":[],"failureMessages":[],"fullName":"SingleShippingForm calls update address for amazon pay if required custom fields are filled out","invocations":1,"location":null,"numPassingAsserts":2,"retryReasons":[],"status":"passed","title":"calls update address for amazon pay if required custom fields are filled out"},{"ancestorTitles":["SingleShippingForm"],"duration":740,"failureDetails":[],"failureMessages":[],"fullName":"SingleShippingForm does not update address for amazon pay if required custom fields is left empty","invocations":1,"location":null,"numPassingAsserts":1,"retryReasons":[],"status":"passed","title":"does not update address for amazon pay if required custom fields is left empty"},{"ancestorTitles":["SingleShippingForm"],"duration":98,"failureDetails":[],"failureMessages":[],"fullName":"SingleShippingForm renders a guest email field before the address form","invocations":1,"location":null,"numPassingAsserts":1,"retryReasons":[],"status":"passed","title":"renders a guest email field before the address form"},{"ancestorTitles":["SingleShippingForm"],"duration":20,"failureDetails":[],"failureMessages":[],"fullName":"SingleShippingForm does not render billing same as shipping checkbox for amazon pay","invocations":1,"location":null,"numPassingAsserts":1,"retryReasons":[],"status":"passed","title":"does not render billing same as shipping checkbox for amazon pay"},{"ancestorTitles":["SingleShippingForm"],"duration":70,"failureDetails":[],"failureMessages":[],"fullName":"SingleShippingForm does not render billing same as shipping checkbox under themeV2","invocations":1,"location":null,"numPassingAsserts":1,"retryReasons":[],"status":"passed","title":"does not render billing same as shipping checkbox under themeV2"},{"ancestorTitles":["SingleShippingForm"],"duration":190,"failureDetails":[],"failureMessages":[],"fullName":"SingleShippingForm re-renders itself when shippingFormRenderTimestamp is changed","invocations":1,"location":null,"numPassingAsserts":3,"retryReasons":[],"status":"passed","title":"re-renders itself when shippingFormRenderTimestamp is changed"},{"ancestorTitles":["SingleShippingForm"],"duration":1158,"failureDetails":[],"failureMessages":[],"fullName":"SingleShippingForm calls onUnhandledError when empty cart error is thrown","invocations":1,"location":null,"numPassingAsserts":2,"retryReasons":[],"status":"passed","title":"calls onUnhandledError when empty cart error is thrown"}],"endTime":1785087047899,"message":"","name":"D:\\checkout-js\\packages\\core\\src\\app\\shipping\\SingleShippingForm.test.tsx","startTime":1785087012895,"status":"passed","summary":""}],"wasInterrupted":false}
