{"numFailedTestSuites":0,"numFailedTests":0,"numPassedTestSuites":3,"numPassedTests":46,"numPendingTestSuites":0,"numPendingTests":0,"numRuntimeErrorTestSuites":0,"numTodoTests":0,"numTotalTestSuites":3,"numTotalTests":46,"openHandles":[],"snapshot":{"added":0,"didUpdate":false,"failure":false,"filesAdded":0,"filesRemoved":0,"filesRemovedList":[],"filesUnmatched":0,"filesUpdated":0,"matched":0,"total":0,"unchecked":0,"uncheckedKeysByFile":[],"unmatched":0,"updated":0},"startTime":1785086113899,"success":true,"testResults":[{"assertionResults":[{"ancestorTitles":["Customer Guest"],"duration":457,"failureDetails":[],"failureMessages":[],"fullName":"Customer Guest renders guest form and continues without the early email field","invocations":1,"location":null,"numPassingAsserts":2,"retryReasons":[],"status":"passed","title":"renders guest form and continues without the early email field"},{"ancestorTitles":["Customer Guest"],"duration":100,"failureDetails":[],"failureMessages":[],"fullName":"Customer Guest displays error message if email is not valid","invocations":1,"location":null,"numPassingAsserts":2,"retryReasons":[],"status":"passed","title":"displays error message if email is not valid"},{"ancestorTitles":["Customer Guest"],"duration":77,"failureDetails":[],"failureMessages":[],"fullName":"Customer Guest displays marketing consent field if requiresMarketingConsent is set in config","invocations":1,"location":null,"numPassingAsserts":3,"retryReasons":[],"status":"passed","title":"displays marketing consent field if requiresMarketingConsent is set in config"},{"ancestorTitles":["Customer Guest"],"duration":147,"failureDetails":[],"failureMessages":[],"fullName":"Customer Guest checks subscribe to news letter and continues without the early email field","invocations":1,"location":null,"numPassingAsserts":1,"retryReasons":[],"status":"passed","title":"checks subscribe to news letter and continues without the early email field"},{"ancestorTitles":["Customer Guest"],"duration":40,"failureDetails":[],"failureMessages":[],"fullName":"Customer Guest selects `Subscribe to our newsletter` checkbox by default","invocations":1,"location":null,"numPassingAsserts":1,"retryReasons":[],"status":"passed","title":"selects `Subscribe to our newsletter` checkbox by default"},{"ancestorTitles":["Customer Guest"],"duration":202,"failureDetails":[],"failureMessages":[],"fullName":"Customer Guest displays error message if privacy policy is required and not checked","invocations":1,"location":null,"numPassingAsserts":7,"retryReasons":[],"status":"passed","title":"displays error message if privacy policy is required and not checked"},{"ancestorTitles":["Customer Guest"],"duration":24,"failureDetails":[],"failureMessages":[],"fullName":"Customer Guest calls onUnhandledError if initialize was failed","invocations":1,"location":null,"numPassingAsserts":1,"retryReasons":[],"status":"passed","title":"calls onUnhandledError if initialize was failed"},{"ancestorTitles":["Customer Guest"],"duration":29,"failureDetails":[],"failureMessages":[],"fullName":"Customer Guest calls onUnhandledError if deinitialize was failed","invocations":1,"location":null,"numPassingAsserts":1,"retryReasons":[],"status":"passed","title":"calls onUnhandledError if deinitialize was failed"},{"ancestorTitles":["Customer Guest"],"duration":83,"failureDetails":[],"failureMessages":[],"fullName":"Customer Guest triggers no error callback when the guest flow is continued without an early email","invocations":1,"location":null,"numPassingAsserts":3,"retryReasons":[],"status":"passed","title":"triggers no error callback when the guest flow is continued without an early email"},{"ancestorTitles":["Customer Guest"],"duration":79,"failureDetails":[],"failureMessages":[],"fullName":"Customer Guest triggers completion callback if the guest flow continues without the early email field","invocations":1,"location":null,"numPassingAsserts":3,"retryReasons":[],"status":"passed","title":"triggers completion callback if the guest flow continues without the early email field"},{"ancestorTitles":["Customer Guest"],"duration":89,"failureDetails":[],"failureMessages":[],"fullName":"Customer Guest continues without changing view type when no early email is provided and guest check returns 429","invocations":1,"location":null,"numPassingAsserts":2,"retryReasons":[],"status":"passed","title":"continues without changing view type when no early email is provided and guest check returns 429"},{"ancestorTitles":["Customer Guest"],"duration":87,"failureDetails":[],"failureMessages":[],"fullName":"Customer Guest continues without changing view type when no early email is provided and the guest response suggests sign-in","invocations":1,"location":null,"numPassingAsserts":2,"retryReasons":[],"status":"passed","title":"continues without changing view type when no early email is provided and the guest response suggests sign-in"},{"ancestorTitles":["Customer Guest"],"duration":77,"failureDetails":[],"failureMessages":[],"fullName":"Customer Guest does not render SuggestedLogin form if Stripe link is authenticated","invocations":1,"location":null,"numPassingAsserts":1,"retryReasons":[],"status":"passed","title":"does not render SuggestedLogin form if Stripe link is authenticated"},{"ancestorTitles":["Customer Guest"],"duration":73,"failureDetails":[],"failureMessages":[],"fullName":"Customer Guest continues without changing view type when no early email is provided and guest check returns 403","invocations":1,"location":null,"numPassingAsserts":2,"retryReasons":[],"status":"passed","title":"continues without changing view type when no early email is provided and guest check returns 403"}],"endTime":1785086122187,"message":"","name":"D:\\checkout-js\\packages\\core\\src\\app\\customer\\CustomerGuest.test.tsx","startTime":1785086115149,"status":"passed","summary":""},{"assertionResults":[{"ancestorTitles":["SingleShippingForm"],"duration":1812,"failureDetails":[],"failureMessages":[],"fullName":"SingleShippingForm calls updateAddress with last event during a given timeframe","invocations":1,"location":null,"numPassingAsserts":2,"retryReasons":[],"status":"passed","title":"calls updateAddress with last event during a given timeframe"},{"ancestorTitles":["SingleShippingForm"],"duration":1519,"failureDetails":[],"failureMessages":[],"fullName":"SingleShippingForm calls updateAddress if modified field does not affect shipping but makes form valid","invocations":1,"location":null,"numPassingAsserts":2,"retryReasons":[],"status":"passed","title":"calls updateAddress if modified field does not affect shipping but makes form valid"},{"ancestorTitles":["SingleShippingForm"],"duration":951,"failureDetails":[],"failureMessages":[],"fullName":"SingleShippingForm calls updateAddress including shipping options if modified field does not affect shipping but has never requested shipping options","invocations":1,"location":null,"numPassingAsserts":2,"retryReasons":[],"status":"passed","title":"calls updateAddress including shipping options if modified field does not affect shipping but has never requested shipping options"},{"ancestorTitles":["SingleShippingForm"],"duration":917,"failureDetails":[],"failureMessages":[],"fullName":"SingleShippingForm calls updateAddress including shipping options if custom form fields are updated","invocations":1,"location":null,"numPassingAsserts":2,"retryReasons":[],"status":"passed","title":"calls updateAddress including shipping options if custom form fields are updated"},{"ancestorTitles":["SingleShippingForm"],"duration":1742,"failureDetails":[],"failureMessages":[],"fullName":"SingleShippingForm calls updateAddress without shipping options if modified field does not affect shipping and shipping options have already been requested","invocations":1,"location":null,"numPassingAsserts":1,"retryReasons":[],"status":"passed","title":"calls updateAddress without shipping options if modified field does not affect shipping and shipping options have already been requested"},{"ancestorTitles":["SingleShippingForm"],"duration":849,"failureDetails":[],"failureMessages":[],"fullName":"SingleShippingForm does not call updateAddress if modified field produces invalid address","invocations":1,"location":null,"numPassingAsserts":1,"retryReasons":[],"status":"passed","title":"does not call updateAddress if modified field produces invalid address"},{"ancestorTitles":["SingleShippingForm"],"duration":941,"failureDetails":[],"failureMessages":[],"fullName":"SingleShippingForm does not call updateAddress if same address","invocations":1,"location":null,"numPassingAsserts":1,"retryReasons":[],"status":"passed","title":"does not call updateAddress if same address"},{"ancestorTitles":["SingleShippingForm"],"duration":784,"failureDetails":[],"failureMessages":[],"fullName":"SingleShippingForm calls update address for amazon pay if required custom fields are filled out","invocations":1,"location":null,"numPassingAsserts":2,"retryReasons":[],"status":"passed","title":"calls update address for amazon pay if required custom fields are filled out"},{"ancestorTitles":["SingleShippingForm"],"duration":767,"failureDetails":[],"failureMessages":[],"fullName":"SingleShippingForm does not update address for amazon pay if required custom fields is left empty","invocations":1,"location":null,"numPassingAsserts":1,"retryReasons":[],"status":"passed","title":"does not update address for amazon pay if required custom fields is left empty"},{"ancestorTitles":["SingleShippingForm"],"duration":105,"failureDetails":[],"failureMessages":[],"fullName":"SingleShippingForm renders a guest email field before the address form","invocations":1,"location":null,"numPassingAsserts":1,"retryReasons":[],"status":"passed","title":"renders a guest email field before the address form"},{"ancestorTitles":["SingleShippingForm"],"duration":20,"failureDetails":[],"failureMessages":[],"fullName":"SingleShippingForm does not render billing same as shipping checkbox for amazon pay","invocations":1,"location":null,"numPassingAsserts":1,"retryReasons":[],"status":"passed","title":"does not render billing same as shipping checkbox for amazon pay"},{"ancestorTitles":["SingleShippingForm"],"duration":69,"failureDetails":[],"failureMessages":[],"fullName":"SingleShippingForm does not render billing same as shipping checkbox under themeV2","invocations":1,"location":null,"numPassingAsserts":1,"retryReasons":[],"status":"passed","title":"does not render billing same as shipping checkbox under themeV2"},{"ancestorTitles":["SingleShippingForm"],"duration":199,"failureDetails":[],"failureMessages":[],"fullName":"SingleShippingForm re-renders itself when shippingFormRenderTimestamp is changed","invocations":1,"location":null,"numPassingAsserts":3,"retryReasons":[],"status":"passed","title":"re-renders itself when shippingFormRenderTimestamp is changed"},{"ancestorTitles":["SingleShippingForm"],"duration":1241,"failureDetails":[],"failureMessages":[],"fullName":"SingleShippingForm calls onUnhandledError when empty cart error is thrown","invocations":1,"location":null,"numPassingAsserts":2,"retryReasons":[],"status":"passed","title":"calls onUnhandledError when empty cart error is thrown"}],"endTime":1785086135850,"message":"","name":"D:\\checkout-js\\packages\\core\\src\\app\\shipping\\SingleShippingForm.test.tsx","startTime":1785086122215,"status":"passed","summary":""},{"assertionResults":[{"ancestorTitles":["PaymentBillingForm"],"duration":164,"failureDetails":[],"failureMessages":[],"fullName":"PaymentBillingForm renders the address fields without a submit button","invocations":1,"location":null,"numPassingAsserts":3,"retryReasons":[],"status":"passed","title":"renders the address fields without a submit button"},{"ancestorTitles":["PaymentBillingForm"],"duration":77,"failureDetails":[],"failureMessages":[],"fullName":"PaymentBillingForm renders a guest email field in the billing form for guest shoppers","invocations":1,"location":null,"numPassingAsserts":1,"retryReasons":[],"status":"passed","title":"renders a guest email field in the billing form for guest shoppers"},{"ancestorTitles":["PaymentBillingForm"],"duration":46,"failureDetails":[],"failureMessages":[],"fullName":"PaymentBillingForm does not render its own <form> element","invocations":1,"location":null,"numPassingAsserts":1,"retryReasons":[],"status":"passed","title":"does not render its own <form> element"},{"ancestorTitles":["PaymentBillingForm"],"duration":58,"failureDetails":[],"failureMessages":[],"fullName":"PaymentBillingForm sets its ensureBillingAddressSaved on the payment context","invocations":1,"location":null,"numPassingAsserts":1,"retryReasons":[],"status":"passed","title":"sets its ensureBillingAddressSaved on the payment context"},{"ancestorTitles":["PaymentBillingForm"],"duration":54,"failureDetails":[],"failureMessages":[],"fullName":"PaymentBillingForm blocks (resolves false) and does not persist while still loading","invocations":1,"location":null,"numPassingAsserts":3,"retryReasons":[],"status":"passed","title":"blocks (resolves false) and does not persist while still loading"},{"ancestorTitles":["PaymentBillingForm"],"duration":113,"failureDetails":[],"failureMessages":[],"fullName":"PaymentBillingForm blocks and does not persist while an address selection is still being applied","invocations":1,"location":null,"numPassingAsserts":3,"retryReasons":[],"status":"passed","title":"blocks and does not persist while an address selection is still being applied"},{"ancestorTitles":["PaymentBillingForm"],"duration":66,"failureDetails":[],"failureMessages":[],"fullName":"PaymentBillingForm persists and resolves true when the address is valid","invocations":1,"location":null,"numPassingAsserts":3,"retryReasons":[],"status":"passed","title":"persists and resolves true when the address is valid"},{"ancestorTitles":["PaymentBillingForm"],"duration":93,"failureDetails":[],"failureMessages":[],"fullName":"PaymentBillingForm resolves false and does not persist when the address is invalid","invocations":1,"location":null,"numPassingAsserts":3,"retryReasons":[],"status":"passed","title":"resolves false and does not persist when the address is invalid"},{"ancestorTitles":["PaymentBillingForm"],"duration":66,"failureDetails":[],"failureMessages":[],"fullName":"PaymentBillingForm does not include the same-as-shipping flag in the persisted billing values","invocations":1,"location":null,"numPassingAsserts":2,"retryReasons":[],"status":"passed","title":"does not include the same-as-shipping flag in the persisted billing values"},{"ancestorTitles":["PaymentBillingForm"],"duration":63,"failureDetails":[],"failureMessages":[],"fullName":"PaymentBillingForm reports a persist failure via onUnhandledError and resolves false without throwing","invocations":1,"location":null,"numPassingAsserts":3,"retryReasons":[],"status":"passed","title":"reports a persist failure via onUnhandledError and resolves false without throwing"},{"ancestorTitles":["PaymentBillingForm","billing same as shipping toggle"],"duration":47,"failureDetails":[],"failureMessages":[],"fullName":"PaymentBillingForm billing same as shipping toggle renders the toggle with the payment-step label","invocations":1,"location":null,"numPassingAsserts":2,"retryReasons":[],"status":"passed","title":"renders the toggle with the payment-step label"},{"ancestorTitles":["PaymentBillingForm","billing same as shipping toggle"],"duration":49,"failureDetails":[],"failureMessages":[],"fullName":"PaymentBillingForm billing same as shipping toggle disables the toggle while a billing address update is in flight","invocations":1,"location":null,"numPassingAsserts":1,"retryReasons":[],"status":"passed","title":"disables the toggle while a billing address update is in flight"},{"ancestorTitles":["PaymentBillingForm","billing same as shipping toggle"],"duration":31,"failureDetails":[],"failureMessages":[],"fullName":"PaymentBillingForm billing same as shipping toggle collapses the billing address fields when checked","invocations":1,"location":null,"numPassingAsserts":2,"retryReasons":[],"status":"passed","title":"collapses the billing address fields when checked"},{"ancestorTitles":["PaymentBillingForm","billing same as shipping toggle"],"duration":37,"failureDetails":[],"failureMessages":[],"fullName":"PaymentBillingForm billing same as shipping toggle shows the billing address fields when unchecked","invocations":1,"location":null,"numPassingAsserts":1,"retryReasons":[],"status":"passed","title":"shows the billing address fields when unchecked"},{"ancestorTitles":["PaymentBillingForm","billing same as shipping toggle"],"duration":27,"failureDetails":[],"failureMessages":[],"fullName":"PaymentBillingForm billing same as shipping toggle resolves true without persisting when checked (billing mirrors shipping)","invocations":1,"location":null,"numPassingAsserts":3,"retryReasons":[],"status":"passed","title":"resolves true without persisting when checked (billing mirrors shipping)"},{"ancestorTitles":["PaymentBillingForm","billing same as shipping toggle"],"duration":40,"failureDetails":[],"failureMessages":[],"fullName":"PaymentBillingForm billing same as shipping toggle hides the toggle for static-address methods (e.g. Amazon Pay)","invocations":1,"location":null,"numPassingAsserts":1,"retryReasons":[],"status":"passed","title":"hides the toggle for static-address methods (e.g. Amazon Pay)"},{"ancestorTitles":["PaymentBillingForm","billing same as shipping toggle"],"duration":98,"failureDetails":[],"failureMessages":[],"fullName":"PaymentBillingForm billing same as shipping toggle stays unchecked and does not re-fire on a billing address reinitialize","invocations":1,"location":null,"numPassingAsserts":3,"retryReasons":[],"status":"passed","title":"stays unchecked and does not re-fire on a billing address reinitialize"},{"ancestorTitles":["PaymentBillingForm","billing same as shipping toggle"],"duration":52,"failureDetails":[],"failureMessages":[],"fullName":"PaymentBillingForm billing same as shipping toggle notifies onBillingSameAsShippingChange when the shopper checks it","invocations":1,"location":null,"numPassingAsserts":1,"retryReasons":[],"status":"passed","title":"notifies onBillingSameAsShippingChange when the shopper checks it"}],"endTime":1785086138601,"message":"","name":"D:\\checkout-js\\packages\\core\\src\\app\\payment\\billingForm\\PaymentBillingForm.test.tsx","startTime":1785086136600,"status":"passed","summary":""}],"wasInterrupted":false}
